{"message":"Must include a name","level":"error"}
{"message":"Must include a name","level":"error"}
{"message":"Must include a name","level":"error"}
{"message":"Folder with id undefined and name new folder created","level":"info"}
{"message":"Folder with id undefined and name new folder created","level":"info"}
{"message":"Folder with id undefined and name new folder created","level":"info"}
{"message":"Folder with id undefined and name new folder created","level":"info"}
{"message":"Folder with id undefined and name new folder created","level":"info"}
{"message":"Folder with id undefined and name new folder created","level":"info"}
{"message":"Folder with id undefined and name new folder created","level":"info"}
{"message":"note with id 2 and name undefined created","level":"info"}
{"message":"note with id 1 and name test created","level":"info"}
{"message":"note with id 1 and name test created","level":"info"}
{"message":"note with id 1 and name test created","level":"info"}
{"message":"note with id 1 and name test created","level":"info"}
{"message":"note with id 1 and name test created","level":"info"}
{"message":"Folder with id undefined and name yarn created","level":"info"}
{"message":"Must include a name","level":"error"}
{"message":"Folder with id undefined and name yy created","level":"info"}
{"message":"note with id 4 and name asd created","level":"info"}
{"message":"note with id 5 and name asd created","level":"info"}
{"message":"note with id 6 and name asd created","level":"info"}
{"message":"note with id 7 and name asd created","level":"info"}
{"message":"note with id 8 and name asd created","level":"info"}
{"message":"note with id 9 and name ad created","level":"info"}
{"message":"note with id 10 and name yes created","level":"info"}
{"message":"note with id 11 and name ad created","level":"info"}
{"message":"note with id 12 and name asda created","level":"info"}
{"message":"note with id 13 and name sad created","level":"info"}
